[2025-02-20T17:44:42.355] [ERROR] myApp - err
[2025-02-20T17:45:10.142] [ERROR] myApp - err
[2025-02-20T17:50:43.289] [ERROR] myApp - err
[2025-02-20T17:51:02.391] [ERROR] myApp - err
[2025-02-20T17:51:21.596] [INFO] myApp - err
[2025-02-20T17:52:14.248] [INFO] myApp - test
[2025-02-20T17:52:34.999] [INFO] myApp - test
[2025-02-20T17:53:03.783] [INFO] myApp - test
[2025-02-20T17:53:15.382] [INFO] myApp - test
[2025-02-20T17:53:29.080] [INFO] myApp - test
[2025-02-20T17:55:01.146] [ERROR] myApp - password authentication failed for user "postgres"
[2025-02-20T18:08:35.409] [ERROR] myApp - password authentication failed for user "postgres"
[2025-02-20T18:10:47.785] [ERROR] myApp - password authentication failed for user "postgres"
[2025-02-20T18:13:44.254] [ERROR] myApp - password authentication failed for user "postgres"
[2025-02-20T18:13:51.358] [ERROR] myApp - password authentication failed for user "postgres"
[2025-02-20T18:14:09.112] [ERROR] myApp - password authentication failed for user "postgres"
[2025-02-20T18:20:50.116] [ERROR] myApp - SASL: SCRAM-SERVER-FIRST-MESSAGE: client password must be a string
[2025-02-20T18:20:57.100] [ERROR] myApp - SASL: SCRAM-SERVER-FIRST-MESSAGE: client password must be a string
[2025-02-20T18:21:34.961] [ERROR] myApp - SASL: SCRAM-SERVER-FIRST-MESSAGE: client password must be a string
[2025-02-24T01:02:24.239] [ERROR] myApp - action_request_validation_exception: [action_request_validation_exception] Reason: Validation Failed: 1: script or doc is missing;
[2025-02-24T01:02:33.682] [ERROR] myApp - action_request_validation_exception: [action_request_validation_exception] Reason: Validation Failed: 1: script or doc is missing;
[2025-02-24T01:03:04.854] [ERROR] myApp - action_request_validation_exception: [action_request_validation_exception] Reason: Validation Failed: 1: script or doc is missing;
[2025-02-24T01:03:25.004] [ERROR] myApp - action_request_validation_exception: [action_request_validation_exception] Reason: Validation Failed: 1: script or doc is missing;
[2025-02-24T01:03:41.020] [INFO] myApp - action_request_validation_exception: [action_request_validation_exception] Reason: Validation Failed: 1: script or doc is missing;
[2025-02-24T01:04:04.255] [ERROR] myApp - action_request_validation_exception: [action_request_validation_exception] Reason: Validation Failed: 1: script or doc is missing;
[2025-02-24T01:05:15.610] [ERROR] myApp - action_request_validation_exception: [action_request_validation_exception] Reason: Validation Failed: 1: script or doc is missing;
[2025-02-24T01:05:28.512] [ERROR] myApp - action_request_validation_exception: [action_request_validation_exception] Reason: Validation Failed: 1: script or doc is missing;
[2025-02-24T01:07:30.094] [ERROR] myApp - action_request_validation_exception: [action_request_validation_exception] Reason: Validation Failed: 1: script or doc is missing;
[2025-02-24T01:12:13.509] [ERROR] myApp - action_request_validation_exception: [action_request_validation_exception] Reason: Validation Failed: 1: script or doc is missing;
[2025-03-05T21:23:54.074] [ERROR] myApp - TypeError: Cannot read properties of null (reading 'filePath')
    at Object.parseFile (C:\Users\wecraft\Documents\viamedici\DataStoreConfigurator\server\services\propertiesFileService.ts:8:70)
    at C:\Users\wecraft\Documents\viamedici\DataStoreConfigurator\server\routes\files.ts:9:40
    at Layer.handle [as handle_request] (C:\Users\wecraft\Documents\viamedici\DataStoreConfigurator\node_modules\express\lib\router\layer.js:95:5)
    at next (C:\Users\wecraft\Documents\viamedici\DataStoreConfigurator\node_modules\express\lib\router\route.js:144:13)
    at Route.dispatch (C:\Users\wecraft\Documents\viamedici\DataStoreConfigurator\node_modules\express\lib\router\route.js:114:3)
    at Layer.handle [as handle_request] (C:\Users\wecraft\Documents\viamedici\DataStoreConfigurator\node_modules\express\lib\router\layer.js:95:5)
    at C:\Users\wecraft\Documents\viamedici\DataStoreConfigurator\node_modules\express\lib\router\index.js:284:15
    at Function.process_params (C:\Users\wecraft\Documents\viamedici\DataStoreConfigurator\node_modules\express\lib\router\index.js:346:12)
    at next (C:\Users\wecraft\Documents\viamedici\DataStoreConfigurator\node_modules\express\lib\router\index.js:280:10)
    at Function.handle (C:\Users\wecraft\Documents\viamedici\DataStoreConfigurator\node_modules\express\lib\router\index.js:175:3)
[2025-03-05T21:23:58.577] [ERROR] myApp - TypeError: Cannot read properties of null (reading 'filePath')
    at Object.parseFile (C:\Users\wecraft\Documents\viamedici\DataStoreConfigurator\server\services\propertiesFileService.ts:8:70)
    at C:\Users\wecraft\Documents\viamedici\DataStoreConfigurator\server\routes\files.ts:9:40
    at Layer.handle [as handle_request] (C:\Users\wecraft\Documents\viamedici\DataStoreConfigurator\node_modules\express\lib\router\layer.js:95:5)
    at next (C:\Users\wecraft\Documents\viamedici\DataStoreConfigurator\node_modules\express\lib\router\route.js:144:13)
    at Route.dispatch (C:\Users\wecraft\Documents\viamedici\DataStoreConfigurator\node_modules\express\lib\router\route.js:114:3)
    at Layer.handle [as handle_request] (C:\Users\wecraft\Documents\viamedici\DataStoreConfigurator\node_modules\express\lib\router\layer.js:95:5)
    at C:\Users\wecraft\Documents\viamedici\DataStoreConfigurator\node_modules\express\lib\router\index.js:284:15
    at Function.process_params (C:\Users\wecraft\Documents\viamedici\DataStoreConfigurator\node_modules\express\lib\router\index.js:346:12)
    at next (C:\Users\wecraft\Documents\viamedici\DataStoreConfigurator\node_modules\express\lib\router\index.js:280:10)
    at Function.handle (C:\Users\wecraft\Documents\viamedici\DataStoreConfigurator\node_modules\express\lib\router\index.js:175:3)
[2025-03-05T21:24:05.341] [ERROR] myApp - TypeError: Cannot read properties of null (reading 'filePath')
    at Object.parseFile (C:\Users\wecraft\Documents\viamedici\DataStoreConfigurator\server\services\propertiesFileService.ts:8:70)
    at C:\Users\wecraft\Documents\viamedici\DataStoreConfigurator\server\routes\files.ts:9:40
    at Layer.handle [as handle_request] (C:\Users\wecraft\Documents\viamedici\DataStoreConfigurator\node_modules\express\lib\router\layer.js:95:5)
    at next (C:\Users\wecraft\Documents\viamedici\DataStoreConfigurator\node_modules\express\lib\router\route.js:144:13)
    at Route.dispatch (C:\Users\wecraft\Documents\viamedici\DataStoreConfigurator\node_modules\express\lib\router\route.js:114:3)
    at Layer.handle [as handle_request] (C:\Users\wecraft\Documents\viamedici\DataStoreConfigurator\node_modules\express\lib\router\layer.js:95:5)
    at C:\Users\wecraft\Documents\viamedici\DataStoreConfigurator\node_modules\express\lib\router\index.js:284:15
    at Function.process_params (C:\Users\wecraft\Documents\viamedici\DataStoreConfigurator\node_modules\express\lib\router\index.js:346:12)
    at next (C:\Users\wecraft\Documents\viamedici\DataStoreConfigurator\node_modules\express\lib\router\index.js:280:10)
    at Function.handle (C:\Users\wecraft\Documents\viamedici\DataStoreConfigurator\node_modules\express\lib\router\index.js:175:3)
[2025-03-05T21:28:06.317] [ERROR] myApp - TypeError: Cannot read properties of null (reading 'filePath')
    at Object.parseFile (C:\Users\wecraft\Documents\viamedici\DataStoreConfigurator\server\services\propertiesFileService.ts:8:70)
    at C:\Users\wecraft\Documents\viamedici\DataStoreConfigurator\server\routes\files.ts:9:40
    at Layer.handle [as handle_request] (C:\Users\wecraft\Documents\viamedici\DataStoreConfigurator\node_modules\express\lib\router\layer.js:95:5)
    at next (C:\Users\wecraft\Documents\viamedici\DataStoreConfigurator\node_modules\express\lib\router\route.js:144:13)
    at Route.dispatch (C:\Users\wecraft\Documents\viamedici\DataStoreConfigurator\node_modules\express\lib\router\route.js:114:3)
    at Layer.handle [as handle_request] (C:\Users\wecraft\Documents\viamedici\DataStoreConfigurator\node_modules\express\lib\router\layer.js:95:5)
    at C:\Users\wecraft\Documents\viamedici\DataStoreConfigurator\node_modules\express\lib\router\index.js:284:15
    at Function.process_params (C:\Users\wecraft\Documents\viamedici\DataStoreConfigurator\node_modules\express\lib\router\index.js:346:12)
    at next (C:\Users\wecraft\Documents\viamedici\DataStoreConfigurator\node_modules\express\lib\router\index.js:280:10)
    at Function.handle (C:\Users\wecraft\Documents\viamedici\DataStoreConfigurator\node_modules\express\lib\router\index.js:175:3)
[2025-03-06T15:45:21.674] [ERROR] myApp - 
[2025-03-07T18:16:25.610] [ERROR] myApp - 
[2025-03-08T13:32:33.403] [ERROR] myApp - 
[2025-03-08T13:33:08.274] [ERROR] myApp - 
[2025-03-11T02:40:50.735] [ERROR] myApp - Connection terminated unexpectedly
[2025-03-11T02:41:04.300] [ERROR] myApp - Connection terminated unexpectedly
[2025-03-11T02:41:34.342] [ERROR] myApp - Connection terminated unexpectedly
[2025-03-11T02:41:37.253] [ERROR] myApp - Connection terminated unexpectedly
[2025-03-11T02:42:22.892] [ERROR] myApp - Connection terminated unexpectedly
[2025-03-11T02:42:24.849] [ERROR] myApp - Connection terminated unexpectedly
[2025-03-11T02:42:35.892] [ERROR] myApp - Connection terminated unexpectedly
[2025-03-11T02:44:15.554] [ERROR] myApp - Connection terminated unexpectedly
[2025-03-11T02:44:19.693] [ERROR] myApp - Connection terminated unexpectedly
[2025-03-11T02:44:56.936] [ERROR] myApp - Connection terminated unexpectedly
[2025-03-11T02:47:12.060] [ERROR] myApp - Connection terminated unexpectedly
[2025-03-11T03:06:22.300] [ERROR] myApp - Cannot read properties of undefined (reading 'map')
